["2026-06-05T15:39:44.285", "DEBUG", "ubuntupro.config", "parse_config", 518, "Using client configuration file at /etc/ubuntu-advantage/uaclient.conf", {}]
["2026-06-05T15:39:44.288", "DEBUG", "ubuntupro.system", "load_file", 583, "Reading file: /etc/ubuntu-advantage/uaclient.conf", {}]
["2026-06-05T15:39:44.289", "DEBUG", "ubuntupro.files.files", "read", 58, "Tried to load /var/lib/ubuntu-advantage/user-config.json but file does not exist", {}]
["2026-06-05T15:39:44.294", "DEBUG", "ubuntupro.http", "configure_web_proxy", 149, "Setting no_proxy: 169.254.169.254,[fd00:ec2::254],metadata", {}]
["2026-06-05T15:39:44.295", "DEBUG", "ubuntupro.http", "configure_web_proxy", 157, "Setting global proxy dict", {}]
["2026-06-05T15:39:44.295", "DEBUG", "ubuntupro.cli", "main", 287, "Executed with sys.argv: ['/usr/bin/pro', 'api', 'u.pro.status.is_attached.v1']", {}]
["2026-06-05T15:39:44.295", "DEBUG", "ubuntupro.files.files", "read", 58, "Tried to load /var/lib/ubuntu-advantage/machine-token.json but file does not exist", {}]
["2026-06-05T15:39:44.295", "DEBUG", "ubuntupro.files.files", "read", 58, "Tried to load /var/lib/ubuntu-advantage/machine-token.json but file does not exist", {}]
["2026-06-05T15:45:32.358", "DEBUG", "ubuntupro.config", "parse_config", 518, "Using client configuration file at /etc/ubuntu-advantage/uaclient.conf", {}]
["2026-06-05T15:45:32.364", "DEBUG", "ubuntupro.system", "load_file", 583, "Reading file: /etc/ubuntu-advantage/uaclient.conf", {}]
["2026-06-05T15:45:32.365", "DEBUG", "ubuntupro.files.files", "read", 58, "Tried to load /var/lib/ubuntu-advantage/user-config.json but file does not exist", {}]
["2026-06-05T15:45:32.373", "DEBUG", "ubuntupro.http", "configure_web_proxy", 149, "Setting no_proxy: 169.254.169.254,[fd00:ec2::254],metadata", {}]
["2026-06-05T15:45:32.373", "DEBUG", "ubuntupro.http", "configure_web_proxy", 157, "Setting global proxy dict", {}]
["2026-06-05T15:45:32.373", "DEBUG", "ubuntupro.cli", "main", 287, "Executed with sys.argv: ['/usr/bin/pro', 'api', 'u.pro.status.is_attached.v1']", {}]
["2026-06-05T15:45:32.374", "DEBUG", "ubuntupro.files.files", "read", 58, "Tried to load /var/lib/ubuntu-advantage/machine-token.json but file does not exist", {}]
["2026-06-05T15:45:32.374", "DEBUG", "ubuntupro.files.files", "read", 58, "Tried to load /var/lib/ubuntu-advantage/machine-token.json but file does not exist", {}]
["2026-06-05T16:27:42.861", "DEBUG", "ubuntupro.config", "parse_config", 518, "Using client configuration file at /etc/ubuntu-advantage/uaclient.conf", {}]
["2026-06-05T16:27:42.864", "DEBUG", "ubuntupro.system", "load_file", 583, "Reading file: /etc/ubuntu-advantage/uaclient.conf", {}]
["2026-06-05T16:27:42.865", "DEBUG", "ubuntupro.files.files", "read", 58, "Tried to load /var/lib/ubuntu-advantage/user-config.json but file does not exist", {}]
["2026-06-05T16:27:42.869", "DEBUG", "ubuntupro.http", "configure_web_proxy", 149, "Setting no_proxy: 169.254.169.254,[fd00:ec2::254],metadata", {}]
["2026-06-05T16:27:42.869", "DEBUG", "ubuntupro.http", "configure_web_proxy", 157, "Setting global proxy dict", {}]
["2026-06-05T16:27:42.869", "DEBUG", "ubuntupro.cli", "main", 287, "Executed with sys.argv: ['/usr/bin/pro', 'api', 'u.pro.status.is_attached.v1']", {}]
["2026-06-05T16:27:42.869", "DEBUG", "ubuntupro.files.files", "read", 58, "Tried to load /var/lib/ubuntu-advantage/machine-token.json but file does not exist", {}]
["2026-06-05T16:27:42.870", "DEBUG", "ubuntupro.files.files", "read", 58, "Tried to load /var/lib/ubuntu-advantage/machine-token.json but file does not exist", {}]
["2026-06-05T20:17:55.738", "DEBUG", "ubuntupro.config", "parse_config", 518, "Using client configuration file at /etc/ubuntu-advantage/uaclient.conf", {}]
["2026-06-05T20:17:55.740", "DEBUG", "ubuntupro.system", "load_file", 583, "Reading file: /etc/ubuntu-advantage/uaclient.conf", {}]
["2026-06-05T20:17:55.740", "DEBUG", "ubuntupro.files.files", "read", 58, "Tried to load /var/lib/ubuntu-advantage/user-config.json but file does not exist", {}]
["2026-06-05T20:17:55.743", "DEBUG", "ubuntupro.http", "configure_web_proxy", 149, "Setting no_proxy: 169.254.169.254,[fd00:ec2::254],metadata", {}]
["2026-06-05T20:17:55.743", "DEBUG", "ubuntupro.http", "configure_web_proxy", 157, "Setting global proxy dict", {}]
["2026-06-05T20:17:55.743", "DEBUG", "ubuntupro.cli", "main", 287, "Executed with sys.argv: ['/usr/bin/pro', 'api', 'u.pro.status.is_attached.v1']", {}]
["2026-06-05T20:17:55.743", "DEBUG", "ubuntupro.files.files", "read", 58, "Tried to load /var/lib/ubuntu-advantage/machine-token.json but file does not exist", {}]
["2026-06-05T20:17:55.743", "DEBUG", "ubuntupro.files.files", "read", 58, "Tried to load /var/lib/ubuntu-advantage/machine-token.json but file does not exist", {}]
["2026-06-05T22:25:10.079", "DEBUG", "ubuntupro.config", "parse_config", 518, "Using client configuration file at /etc/ubuntu-advantage/uaclient.conf", {}]
["2026-06-05T22:25:10.085", "DEBUG", "ubuntupro.system", "load_file", 583, "Reading file: /etc/ubuntu-advantage/uaclient.conf", {}]
["2026-06-05T22:25:10.086", "DEBUG", "ubuntupro.files.files", "read", 58, "Tried to load /var/lib/ubuntu-advantage/user-config.json but file does not exist", {}]
["2026-06-05T22:25:10.097", "DEBUG", "ubuntupro.http", "configure_web_proxy", 149, "Setting no_proxy: 169.254.169.254,[fd00:ec2::254],metadata", {}]
["2026-06-05T22:25:10.097", "DEBUG", "ubuntupro.http", "configure_web_proxy", 157, "Setting global proxy dict", {}]
["2026-06-05T22:25:10.097", "DEBUG", "ubuntupro.cli", "main", 287, "Executed with sys.argv: ['/usr/bin/pro', 'api', 'u.pro.status.is_attached.v1']", {}]
["2026-06-05T22:25:10.097", "DEBUG", "ubuntupro.files.files", "read", 58, "Tried to load /var/lib/ubuntu-advantage/machine-token.json but file does not exist", {}]
["2026-06-05T22:25:10.098", "DEBUG", "ubuntupro.files.files", "read", 58, "Tried to load /var/lib/ubuntu-advantage/machine-token.json but file does not exist", {}]
["2026-06-06T07:20:51.219", "DEBUG", "ubuntupro.config", "parse_config", 518, "Using client configuration file at /etc/ubuntu-advantage/uaclient.conf", {}]
["2026-06-06T07:20:51.221", "DEBUG", "ubuntupro.system", "load_file", 583, "Reading file: /etc/ubuntu-advantage/uaclient.conf", {}]
["2026-06-06T07:20:51.221", "DEBUG", "ubuntupro.files.files", "read", 58, "Tried to load /var/lib/ubuntu-advantage/user-config.json but file does not exist", {}]
["2026-06-06T07:20:51.224", "DEBUG", "ubuntupro.http", "configure_web_proxy", 149, "Setting no_proxy: 169.254.169.254,[fd00:ec2::254],metadata", {}]
["2026-06-06T07:20:51.224", "DEBUG", "ubuntupro.http", "configure_web_proxy", 157, "Setting global proxy dict", {}]
["2026-06-06T07:20:51.224", "DEBUG", "ubuntupro.cli", "main", 287, "Executed with sys.argv: ['/usr/bin/pro', 'api', 'u.pro.status.is_attached.v1']", {}]
["2026-06-06T07:20:51.224", "DEBUG", "ubuntupro.files.files", "read", 58, "Tried to load /var/lib/ubuntu-advantage/machine-token.json but file does not exist", {}]
["2026-06-06T07:20:51.224", "DEBUG", "ubuntupro.files.files", "read", 58, "Tried to load /var/lib/ubuntu-advantage/machine-token.json but file does not exist", {}]
["2026-06-06T12:30:26.950", "DEBUG", "ubuntupro.config", "parse_config", 518, "Using client configuration file at /etc/ubuntu-advantage/uaclient.conf", {}]
["2026-06-06T12:30:26.960", "DEBUG", "ubuntupro.system", "load_file", 583, "Reading file: /etc/ubuntu-advantage/uaclient.conf", {}]
["2026-06-06T12:30:26.962", "DEBUG", "ubuntupro.files.files", "read", 58, "Tried to load /var/lib/ubuntu-advantage/user-config.json but file does not exist", {}]
["2026-06-06T12:30:26.970", "DEBUG", "ubuntupro.http", "configure_web_proxy", 149, "Setting no_proxy: 169.254.169.254,[fd00:ec2::254],metadata", {}]
["2026-06-06T12:30:26.970", "DEBUG", "ubuntupro.http", "configure_web_proxy", 157, "Setting global proxy dict", {}]
["2026-06-06T12:30:26.970", "DEBUG", "ubuntupro.cli", "main", 287, "Executed with sys.argv: ['/usr/bin/pro', 'api', 'u.pro.status.is_attached.v1']", {}]
["2026-06-06T12:30:26.970", "DEBUG", "ubuntupro.files.files", "read", 58, "Tried to load /var/lib/ubuntu-advantage/machine-token.json but file does not exist", {}]
["2026-06-06T12:30:26.971", "DEBUG", "ubuntupro.files.files", "read", 58, "Tried to load /var/lib/ubuntu-advantage/machine-token.json but file does not exist", {}]
["2026-06-08T11:43:04.122", "DEBUG", "ubuntupro.config", "parse_config", 518, "Using client configuration file at /etc/ubuntu-advantage/uaclient.conf", {}]
["2026-06-08T11:43:04.129", "DEBUG", "ubuntupro.system", "load_file", 583, "Reading file: /etc/ubuntu-advantage/uaclient.conf", {}]
["2026-06-08T11:43:04.130", "DEBUG", "ubuntupro.files.files", "read", 58, "Tried to load /var/lib/ubuntu-advantage/user-config.json but file does not exist", {}]
["2026-06-08T11:43:04.139", "DEBUG", "ubuntupro.http", "configure_web_proxy", 149, "Setting no_proxy: 169.254.169.254,[fd00:ec2::254],metadata", {}]
["2026-06-08T11:43:04.139", "DEBUG", "ubuntupro.http", "configure_web_proxy", 157, "Setting global proxy dict", {}]
["2026-06-08T11:43:04.140", "DEBUG", "ubuntupro.cli", "main", 287, "Executed with sys.argv: ['/usr/bin/pro', 'api', 'u.pro.status.is_attached.v1']", {}]
["2026-06-08T11:43:04.140", "DEBUG", "ubuntupro.files.files", "read", 58, "Tried to load /var/lib/ubuntu-advantage/machine-token.json but file does not exist", {}]
["2026-06-08T11:43:04.141", "DEBUG", "ubuntupro.files.files", "read", 58, "Tried to load /var/lib/ubuntu-advantage/machine-token.json but file does not exist", {}]
["2026-06-18T15:28:57.823", "DEBUG", "ubuntupro.config", "parse_config", 518, "Using client configuration file at /etc/ubuntu-advantage/uaclient.conf", {}]
["2026-06-18T15:28:57.827", "DEBUG", "ubuntupro.system", "load_file", 583, "Reading file: /etc/ubuntu-advantage/uaclient.conf", {}]
["2026-06-18T15:28:57.828", "DEBUG", "ubuntupro.files.files", "read", 58, "Tried to load /var/lib/ubuntu-advantage/user-config.json but file does not exist", {}]
["2026-06-18T15:28:57.833", "DEBUG", "ubuntupro.http", "configure_web_proxy", 149, "Setting no_proxy: 169.254.169.254,[fd00:ec2::254],metadata", {}]
["2026-06-18T15:28:57.834", "DEBUG", "ubuntupro.http", "configure_web_proxy", 157, "Setting global proxy dict", {}]
["2026-06-18T15:28:57.834", "DEBUG", "ubuntupro.cli", "main", 287, "Executed with sys.argv: ['/usr/bin/pro', 'api', 'u.pro.status.is_attached.v1']", {}]
["2026-06-18T15:28:57.834", "DEBUG", "ubuntupro.files.files", "read", 58, "Tried to load /var/lib/ubuntu-advantage/machine-token.json but file does not exist", {}]
["2026-06-18T15:28:57.834", "DEBUG", "ubuntupro.files.files", "read", 58, "Tried to load /var/lib/ubuntu-advantage/machine-token.json but file does not exist", {}]
["2026-06-18T15:55:56.809", "DEBUG", "ubuntupro.config", "parse_config", 518, "Using client configuration file at /etc/ubuntu-advantage/uaclient.conf", {}]
["2026-06-18T15:55:56.814", "DEBUG", "ubuntupro.system", "load_file", 583, "Reading file: /etc/ubuntu-advantage/uaclient.conf", {}]
["2026-06-18T15:55:56.815", "DEBUG", "ubuntupro.files.files", "read", 58, "Tried to load /var/lib/ubuntu-advantage/user-config.json but file does not exist", {}]
["2026-06-18T15:55:56.818", "DEBUG", "ubuntupro.http", "configure_web_proxy", 149, "Setting no_proxy: 169.254.169.254,[fd00:ec2::254],metadata", {}]
["2026-06-18T15:55:56.818", "DEBUG", "ubuntupro.http", "configure_web_proxy", 157, "Setting global proxy dict", {}]
["2026-06-18T15:55:56.818", "DEBUG", "ubuntupro.cli", "main", 287, "Executed with sys.argv: ['/usr/bin/pro', 'api', 'u.pro.status.is_attached.v1']", {}]
["2026-06-18T15:55:56.818", "DEBUG", "ubuntupro.files.files", "read", 58, "Tried to load /var/lib/ubuntu-advantage/machine-token.json but file does not exist", {}]
["2026-06-18T15:55:56.818", "DEBUG", "ubuntupro.files.files", "read", 58, "Tried to load /var/lib/ubuntu-advantage/machine-token.json but file does not exist", {}]
["2026-06-18T20:23:58.517", "DEBUG", "ubuntupro.config", "parse_config", 518, "Using client configuration file at /etc/ubuntu-advantage/uaclient.conf", {}]
["2026-06-18T20:23:58.524", "DEBUG", "ubuntupro.system", "load_file", 583, "Reading file: /etc/ubuntu-advantage/uaclient.conf", {}]
["2026-06-18T20:23:58.526", "DEBUG", "ubuntupro.files.files", "read", 58, "Tried to load /var/lib/ubuntu-advantage/user-config.json but file does not exist", {}]
["2026-06-18T20:23:58.531", "DEBUG", "ubuntupro.http", "configure_web_proxy", 149, "Setting no_proxy: 169.254.169.254,[fd00:ec2::254],metadata", {}]
["2026-06-18T20:23:58.531", "DEBUG", "ubuntupro.http", "configure_web_proxy", 157, "Setting global proxy dict", {}]
["2026-06-18T20:23:58.531", "DEBUG", "ubuntupro.cli", "main", 287, "Executed with sys.argv: ['/usr/bin/pro', 'api', 'u.pro.status.is_attached.v1']", {}]
["2026-06-18T20:23:58.532", "DEBUG", "ubuntupro.files.files", "read", 58, "Tried to load /var/lib/ubuntu-advantage/machine-token.json but file does not exist", {}]
["2026-06-18T20:23:58.532", "DEBUG", "ubuntupro.files.files", "read", 58, "Tried to load /var/lib/ubuntu-advantage/machine-token.json but file does not exist", {}]
["2026-06-18T20:47:13.276", "DEBUG", "ubuntupro.config", "parse_config", 518, "Using client configuration file at /etc/ubuntu-advantage/uaclient.conf", {}]
["2026-06-18T20:47:13.285", "DEBUG", "ubuntupro.system", "load_file", 583, "Reading file: /etc/ubuntu-advantage/uaclient.conf", {}]
["2026-06-18T20:47:13.286", "DEBUG", "ubuntupro.files.files", "read", 58, "Tried to load /var/lib/ubuntu-advantage/user-config.json but file does not exist", {}]
["2026-06-18T20:47:13.295", "DEBUG", "ubuntupro.http", "configure_web_proxy", 149, "Setting no_proxy: 169.254.169.254,[fd00:ec2::254],metadata", {}]
["2026-06-18T20:47:13.295", "DEBUG", "ubuntupro.http", "configure_web_proxy", 157, "Setting global proxy dict", {}]
["2026-06-18T20:47:13.295", "DEBUG", "ubuntupro.cli", "main", 287, "Executed with sys.argv: ['/usr/bin/pro', 'api', 'u.pro.status.is_attached.v1']", {}]
["2026-06-18T20:47:13.295", "DEBUG", "ubuntupro.files.files", "read", 58, "Tried to load /var/lib/ubuntu-advantage/machine-token.json but file does not exist", {}]
["2026-06-18T20:47:13.295", "DEBUG", "ubuntupro.files.files", "read", 58, "Tried to load /var/lib/ubuntu-advantage/machine-token.json but file does not exist", {}]
["2026-06-18T22:07:49.692", "DEBUG", "ubuntupro.config", "parse_config", 518, "Using client configuration file at /etc/ubuntu-advantage/uaclient.conf", {}]
["2026-06-18T22:07:49.695", "DEBUG", "ubuntupro.system", "load_file", 583, "Reading file: /etc/ubuntu-advantage/uaclient.conf", {}]
["2026-06-18T22:07:49.695", "DEBUG", "ubuntupro.files.files", "read", 58, "Tried to load /var/lib/ubuntu-advantage/user-config.json but file does not exist", {}]
["2026-06-18T22:07:49.698", "DEBUG", "ubuntupro.http", "configure_web_proxy", 149, "Setting no_proxy: 169.254.169.254,[fd00:ec2::254],metadata", {}]
["2026-06-18T22:07:49.698", "DEBUG", "ubuntupro.http", "configure_web_proxy", 157, "Setting global proxy dict", {}]
["2026-06-18T22:07:49.698", "DEBUG", "ubuntupro.cli", "main", 287, "Executed with sys.argv: ['/usr/bin/pro', 'api', 'u.pro.status.is_attached.v1']", {}]
["2026-06-18T22:07:49.698", "DEBUG", "ubuntupro.files.files", "read", 58, "Tried to load /var/lib/ubuntu-advantage/machine-token.json but file does not exist", {}]
["2026-06-18T22:07:49.698", "DEBUG", "ubuntupro.files.files", "read", 58, "Tried to load /var/lib/ubuntu-advantage/machine-token.json but file does not exist", {}]
